2025-05-08 20:44:48,187 [WARNING] PyNaCl is not installed, voice will NOT be supported
2025-05-08 20:44:48,195 [INFO] logging in using static token
2025-05-08 20:44:49,209 [INFO] Loaded cog: ping.py
2025-05-08 20:44:49,213 [INFO] Loaded cog: utility.py
2025-05-08 20:44:49,603 [INFO] Shard ID None has connected to Gateway (Session ID: 8246c6e0279542c6b82c4864c4fa9dbd).
2025-05-08 20:44:51,633 [INFO] Logged in as luma.io#1987 (ID: 1301225522587631689) DEV ENVIRONMENT
2025-05-08 20:44:51,633 [INFO] ------
2025-05-08 21:33:08,221 [INFO] 1 change detected
2025-05-08 21:33:09,660 [INFO] 1 change detected
2025-05-08 21:33:25,946 [INFO] 1 change detected
2025-05-08 21:33:27,680 [INFO] 1 change detected
2025-05-08 21:34:07,046 [ERROR] Ignoring exception in command None
discord.ext.commands.errors.CommandNotFound: Command "jsk" is not found
2025-05-08 21:35:01,237 [WARNING] PyNaCl is not installed, voice will NOT be supported
2025-05-08 21:35:01,238 [INFO] logging in using static token
2025-05-08 21:35:01,936 [INFO] Loaded cog: ping.py
2025-05-08 21:35:01,940 [INFO] Loaded cog: utility.py
2025-05-08 21:35:01,951 [INFO] Loaded cog: utils.py
2025-05-08 21:35:02,324 [INFO] Shard ID None has connected to Gateway (Session ID: c04d75f0572bfc024a9d7582c022313b).
2025-05-08 21:35:04,356 [INFO] Logged in as luma.io#1987 (ID: 1301225522587631689) DEV ENVIRONMENT
2025-05-08 21:35:04,356 [INFO] ------
2025-05-08 21:38:02,520 [INFO] 1 change detected
